{"/home/the-him/Desktop/Access Manager/src/backend/app.ts": {"path":"/home/the-him/Desktop/Access Manager/src/backend/app.ts","statementMap":{"0":{"start":{"line":10,"column":12},"end":{"line":10,"column":20}},"1":{"start":{"line":12,"column":0},"end":{"line":15,"column":null}},"2":{"start":{"line":17,"column":0},"end":{"line":17,"column":null}},"3":{"start":{"line":18,"column":0},"end":{"line":18,"column":null}},"4":{"start":{"line":20,"column":0},"end":{"line":20,"column":null}},"5":{"start":{"line":21,"column":0},"end":{"line":21,"column":null}},"6":{"start":{"line":22,"column":0},"end":{"line":22,"column":null}},"7":{"start":{"line":25,"column":0},"end":{"line":25,"column":null}}},"fnMap":{},"branchMap":{},"s":{"0":5,"1":5,"2":5,"3":5,"4":5,"5":5,"6":5,"7":5},"f":{},"b":{},"meta":{"lastBranch":0,"lastFunction":0,"lastStatement":8,"seen":{"s:10:12:10:20":0,"s:12:0:15:Infinity":1,"s:17:0:17:Infinity":2,"s:18:0:18:Infinity":3,"s:20:0:20:Infinity":4,"s:21:0:21:Infinity":5,"s:22:0:22:Infinity":6,"s:25:0:25:Infinity":7},"fnNames":{}}}
,"/home/the-him/Desktop/Access Manager/src/backend/db/index.ts": {"path":"/home/the-him/Desktop/Access Manager/src/backend/db/index.ts","statementMap":{"0":{"start":{"line":5,"column":17},"end":{"line":5,"column":null}},"1":{"start":{"line":7,"column":13},"end":{"line":9,"column":null}},"2":{"start":{"line":11,"column":18},"end":{"line":11,"column":null}}},"fnMap":{},"branchMap":{},"s":{"0":5,"1":5,"2":5},"f":{},"b":{},"meta":{"lastBranch":0,"lastFunction":0,"lastStatement":3,"seen":{"s:5:17:5:Infinity":0,"s:7:13:9:Infinity":1,"s:11:18:11:Infinity":2},"fnNames":{}}}
,"/home/the-him/Desktop/Access Manager/src/backend/db/schema/applications.ts": {"path":"/home/the-him/Desktop/Access Manager/src/backend/db/schema/applications.ts","statementMap":{"0":{"start":{"line":3,"column":28},"end":{"line":12,"column":null}}},"fnMap":{},"branchMap":{},"s":{"0":5},"f":{},"b":{},"meta":{"lastBranch":0,"lastFunction":0,"lastStatement":1,"seen":{"s:3:28:12:Infinity":0},"fnNames":{}}}
,"/home/the-him/Desktop/Access Manager/src/backend/db/schema/refreshTokens.ts": {"path":"/home/the-him/Desktop/Access Manager/src/backend/db/schema/refreshTokens.ts","statementMap":{"0":{"start":{"line":4,"column":29},"end":{"line":22,"column":null}},"1":{"start":{"line":10,"column":32},"end":{"line":10,"column":40}}},"fnMap":{"0":{"name":"(anonymous_0)","decl":{"start":{"line":10,"column":15},"end":{"line":10,"column":32}},"loc":{"start":{"line":10,"column":32},"end":{"line":10,"column":40}},"line":10}},"branchMap":{},"s":{"0":5,"1":0},"f":{"0":0},"b":{},"meta":{"lastBranch":0,"lastFunction":1,"lastStatement":2,"seen":{"s:4:29:22:Infinity":0,"f:10:15:10:32":0,"s:10:32:10:40":1},"fnNames":{}}}
,"/home/the-him/Desktop/Access Manager/src/backend/db/schema/requests.ts": {"path":"/home/the-him/Desktop/Access Manager/src/backend/db/schema/requests.ts","statementMap":{"0":{"start":{"line":5,"column":29},"end":{"line":9,"column":null}},"1":{"start":{"line":12,"column":32},"end":{"line":12,"column":null}},"2":{"start":{"line":15,"column":29},"end":{"line":18,"column":null}},"3":{"start":{"line":21,"column":32},"end":{"line":21,"column":null}},"4":{"start":{"line":24,"column":24},"end":{"line":54,"column":null}},"5":{"start":{"line":29,"column":22},"end":{"line":29,"column":37}},"6":{"start":{"line":39,"column":22},"end":{"line":39,"column":30}},"7":{"start":{"line":46,"column":22},"end":{"line":46,"column":30}}},"fnMap":{"0":{"name":"(anonymous_0)","decl":{"start":{"line":29,"column":5},"end":{"line":29,"column":22}},"loc":{"start":{"line":29,"column":22},"end":{"line":29,"column":37}},"line":29},"1":{"name":"(anonymous_1)","decl":{"start":{"line":39,"column":5},"end":{"line":39,"column":22}},"loc":{"start":{"line":39,"column":22},"end":{"line":39,"column":30}},"line":39},"2":{"name":"(anonymous_2)","decl":{"start":{"line":46,"column":5},"end":{"line":46,"column":22}},"loc":{"start":{"line":46,"column":22},"end":{"line":46,"column":30}},"line":46}},"branchMap":{},"s":{"0":5,"1":5,"2":5,"3":5,"4":5,"5":0,"6":0,"7":0},"f":{"0":0,"1":0,"2":0},"b":{},"meta":{"lastBranch":0,"lastFunction":3,"lastStatement":8,"seen":{"s:5:29:9:Infinity":0,"s:12:32:12:Infinity":1,"s:15:29:18:Infinity":2,"s:21:32:21:Infinity":3,"s:24:24:54:Infinity":4,"f:29:5:29:22":0,"s:29:22:29:37":5,"f:39:5:39:22":1,"s:39:22:39:30":6,"f:46:5:46:22":2,"s:46:22:46:30":7},"fnNames":{}}}
,"/home/the-him/Desktop/Access Manager/src/backend/db/schema/users.ts": {"path":"/home/the-him/Desktop/Access Manager/src/backend/db/schema/users.ts","statementMap":{"0":{"start":{"line":3,"column":21},"end":{"line":6,"column":null}},"1":{"start":{"line":10,"column":24},"end":{"line":10,"column":null}},"2":{"start":{"line":12,"column":21},"end":{"line":29,"column":null}}},"fnMap":{},"branchMap":{},"s":{"0":5,"1":5,"2":5},"f":{},"b":{},"meta":{"lastBranch":0,"lastFunction":0,"lastStatement":3,"seen":{"s:3:21:6:Infinity":0,"s:10:24:10:Infinity":1,"s:12:21:29:Infinity":2},"fnNames":{}}}
,"/home/the-him/Desktop/Access Manager/src/backend/errors/AppError.ts": {"path":"/home/the-him/Desktop/Access Manager/src/backend/errors/AppError.ts","statementMap":{"0":{"start":{"line":5,"column":8},"end":{"line":5,"column":null}},"1":{"start":{"line":6,"column":8},"end":{"line":6,"column":null}},"2":{"start":{"line":8,"column":8},"end":{"line":8,"column":null}}},"fnMap":{"0":{"name":"constructor","decl":{"start":{"line":4,"column":4},"end":{"line":4,"column":16}},"loc":{"start":{"line":4,"column":53},"end":{"line":9,"column":null}},"line":4}},"branchMap":{},"s":{"0":8,"1":8,"2":8},"f":{"0":8},"b":{},"meta":{"lastBranch":0,"lastFunction":1,"lastStatement":3,"seen":{"f:4:4:4:16":0,"s:5:8:5:Infinity":0,"s:6:8:6:Infinity":1,"s:8:8:8:Infinity":2},"fnNames":{}}}
,"/home/the-him/Desktop/Access Manager/src/backend/middleware/authenticate.ts": {"path":"/home/the-him/Desktop/Access Manager/src/backend/middleware/authenticate.ts","statementMap":{"0":{"start":{"line":8,"column":19},"end":{"line":8,"column":null}},"1":{"start":{"line":9,"column":4},"end":{"line":11,"column":null}},"2":{"start":{"line":10,"column":8},"end":{"line":10,"column":null}},"3":{"start":{"line":12,"column":18},"end":{"line":12,"column":null}},"4":{"start":{"line":13,"column":4},"end":{"line":25,"column":null}},"5":{"start":{"line":14,"column":24},"end":{"line":14,"column":null}},"6":{"start":{"line":15,"column":23},"end":{"line":15,"column":null}},"7":{"start":{"line":16,"column":21},"end":{"line":16,"column":null}},"8":{"start":{"line":17,"column":8},"end":{"line":19,"column":null}},"9":{"start":{"line":18,"column":12},"end":{"line":18,"column":null}},"10":{"start":{"line":20,"column":8},"end":{"line":20,"column":null}},"11":{"start":{"line":22,"column":8},"end":{"line":22,"column":null}},"12":{"start":{"line":24,"column":8},"end":{"line":24,"column":null}}},"fnMap":{"0":{"name":"authenticateToken","decl":{"start":{"line":7,"column":22},"end":{"line":7,"column":40}},"loc":{"start":{"line":7,"column":86},"end":{"line":26,"column":null}},"line":7}},"branchMap":{"0":{"loc":{"start":{"line":9,"column":4},"end":{"line":11,"column":null}},"type":"if","locations":[{"start":{"line":9,"column":4},"end":{"line":11,"column":null}},{"start":{},"end":{}}],"line":9},"1":{"loc":{"start":{"line":9,"column":8},"end":{"line":9,"column":50}},"type":"binary-expr","locations":[{"start":{"line":9,"column":8},"end":{"line":9,"column":19}},{"start":{"line":9,"column":19},"end":{"line":9,"column":50}}],"line":9},"2":{"loc":{"start":{"line":17,"column":8},"end":{"line":19,"column":null}},"type":"if","locations":[{"start":{"line":17,"column":8},"end":{"line":19,"column":null}},{"start":{},"end":{}}],"line":17}},"s":{"0":53,"1":53,"2":6,"3":47,"4":47,"5":47,"6":47,"7":46,"8":46,"9":0,"10":46,"11":46,"12":1},"f":{"0":53},"b":{"0":[6,47],"1":[53,47],"2":[0,46]},"meta":{"lastBranch":3,"lastFunction":1,"lastStatement":13,"seen":{"f:7:22:7:40":0,"s:8:19:8:Infinity":0,"b:9:4:11:Infinity:undefined:undefined:undefined:undefined":0,"s:9:4:11:Infinity":1,"b:9:8:9:19:9:19:9:50":1,"s:10:8:10:Infinity":2,"s:12:18:12:Infinity":3,"s:13:4:25:Infinity":4,"s:14:24:14:Infinity":5,"s:15:23:15:Infinity":6,"s:16:21:16:Infinity":7,"b:17:8:19:Infinity:undefined:undefined:undefined:undefined":2,"s:17:8:19:Infinity":8,"s:18:12:18:Infinity":9,"s:20:8:20:Infinity":10,"s:22:8:22:Infinity":11,"s:24:8:24:Infinity":12},"fnNames":{}}}
,"/home/the-him/Desktop/Access Manager/src/backend/middleware/authorize.ts": {"path":"/home/the-him/Desktop/Access Manager/src/backend/middleware/authorize.ts","statementMap":{"0":{"start":{"line":4,"column":4},"end":{"line":18,"column":null}},"1":{"start":{"line":5,"column":8},"end":{"line":9,"column":null}},"2":{"start":{"line":6,"column":12},"end":{"line":8,"column":null}},"3":{"start":{"line":11,"column":8},"end":{"line":15,"column":null}},"4":{"start":{"line":12,"column":12},"end":{"line":14,"column":null}},"5":{"start":{"line":17,"column":8},"end":{"line":17,"column":null}}},"fnMap":{"0":{"name":"authorize","decl":{"start":{"line":3,"column":16},"end":{"line":3,"column":26}},"loc":{"start":{"line":3,"column":53},"end":{"line":19,"column":null}},"line":3},"1":{"name":"(anonymous_1)","decl":{"start":{"line":4,"column":4},"end":{"line":4,"column":12}},"loc":{"start":{"line":4,"column":64},"end":{"line":18,"column":null}},"line":4}},"branchMap":{"0":{"loc":{"start":{"line":5,"column":8},"end":{"line":9,"column":null}},"type":"if","locations":[{"start":{"line":5,"column":8},"end":{"line":9,"column":null}},{"start":{},"end":{}}],"line":5},"1":{"loc":{"start":{"line":11,"column":8},"end":{"line":15,"column":null}},"type":"if","locations":[{"start":{"line":11,"column":8},"end":{"line":15,"column":null}},{"start":{},"end":{}}],"line":11}},"s":{"0":15,"1":38,"2":0,"3":38,"4":3,"5":35},"f":{"0":15,"1":38},"b":{"0":[0,38],"1":[3,35]},"meta":{"lastBranch":2,"lastFunction":2,"lastStatement":6,"seen":{"f:3:16:3:26":0,"s:4:4:18:Infinity":0,"f:4:4:4:12":1,"b:5:8:9:Infinity:undefined:undefined:undefined:undefined":0,"s:5:8:9:Infinity":1,"s:6:12:8:Infinity":2,"b:11:8:15:Infinity:undefined:undefined:undefined:undefined":1,"s:11:8:15:Infinity":3,"s:12:12:14:Infinity":4,"s:17:8:17:Infinity":5},"fnNames":{}}}
,"/home/the-him/Desktop/Access Manager/src/backend/middleware/errorHandler.ts": {"path":"/home/the-him/Desktop/Access Manager/src/backend/middleware/errorHandler.ts","statementMap":{"0":{"start":{"line":6,"column":4},"end":{"line":6,"column":null}},"1":{"start":{"line":8,"column":4},"end":{"line":21,"column":null}},"2":{"start":{"line":10,"column":8},"end":{"line":15,"column":null}},"3":{"start":{"line":17,"column":8},"end":{"line":19,"column":null}},"4":{"start":{"line":20,"column":8},"end":{"line":20,"column":null}},"5":{"start":{"line":23,"column":4},"end":{"line":25,"column":null}}},"fnMap":{"0":{"name":"errorHandler","decl":{"start":{"line":5,"column":16},"end":{"line":5,"column":30}},"loc":{"start":{"line":5,"column":91},"end":{"line":26,"column":null}},"line":5}},"branchMap":{"0":{"loc":{"start":{"line":8,"column":4},"end":{"line":21,"column":null}},"type":"if","locations":[{"start":{"line":8,"column":4},"end":{"line":21,"column":null}},{"start":{},"end":{}}],"line":8}},"s":{"0":8,"1":8,"2":8,"3":8,"4":8,"5":0},"f":{"0":8},"b":{"0":[8,0]},"meta":{"lastBranch":1,"lastFunction":1,"lastStatement":6,"seen":{"f:5:16:5:30":0,"s:6:4:6:Infinity":0,"b:8:4:21:Infinity:undefined:undefined:undefined:undefined":0,"s:8:4:21:Infinity":1,"s:10:8:15:Infinity":2,"s:17:8:19:Infinity":3,"s:20:8:20:Infinity":4,"s:23:4:25:Infinity":5},"fnNames":{}}}
,"/home/the-him/Desktop/Access Manager/src/backend/modules/ai/ai.agent.ts": {"path":"/home/the-him/Desktop/Access Manager/src/backend/modules/ai/ai.agent.ts","statementMap":{"0":{"start":{"line":5,"column":4},"end":{"line":34,"column":null}},"1":{"start":{"line":70,"column":21},"end":{"line":70,"column":null}},"2":{"start":{"line":72,"column":4},"end":{"line":76,"column":null}},"3":{"start":{"line":73,"column":8},"end":{"line":73,"column":null}},"4":{"start":{"line":75,"column":8},"end":{"line":75,"column":null}},"5":{"start":{"line":78,"column":4},"end":{"line":80,"column":null}},"6":{"start":{"line":79,"column":8},"end":{"line":79,"column":null}},"7":{"start":{"line":82,"column":19},"end":{"line":82,"column":null}},"8":{"start":{"line":84,"column":4},"end":{"line":90,"column":null}},"9":{"start":{"line":89,"column":8},"end":{"line":89,"column":null}},"10":{"start":{"line":92,"column":4},"end":{"line":98,"column":null}},"11":{"start":{"line":97,"column":8},"end":{"line":97,"column":null}},"12":{"start":{"line":100,"column":4},"end":{"line":105,"column":null}},"13":{"start":{"line":104,"column":8},"end":{"line":104,"column":null}},"14":{"start":{"line":107,"column":4},"end":{"line":111,"column":null}},"15":{"start":{"line":115,"column":21},"end":{"line":133,"column":null}},"16":{"start":{"line":135,"column":4},"end":{"line":138,"column":null}},"17":{"start":{"line":137,"column":8},"end":{"line":137,"column":null}},"18":{"start":{"line":140,"column":17},"end":{"line":140,"column":null}},"19":{"start":{"line":142,"column":20},"end":{"line":142,"column":null}},"20":{"start":{"line":144,"column":4},"end":{"line":146,"column":null}},"21":{"start":{"line":145,"column":8},"end":{"line":145,"column":null}},"22":{"start":{"line":148,"column":4},"end":{"line":148,"column":null}},"23":{"start":{"line":155,"column":17},"end":{"line":155,"column":null}},"24":{"start":{"line":157,"column":19},"end":{"line":157,"column":null}},"25":{"start":{"line":158,"column":2},"end":{"line":158,"column":null}},"26":{"start":{"line":160,"column":2},"end":{"line":160,"column":null}}},"fnMap":{"0":{"name":"buildPrompt","decl":{"start":{"line":4,"column":9},"end":{"line":4,"column":21}},"loc":{"start":{"line":4,"column":60},"end":{"line":64,"column":null}},"line":4},"1":{"name":"parseResponse","decl":{"start":{"line":67,"column":9},"end":{"line":67,"column":23}},"loc":{"start":{"line":67,"column":51},"end":{"line":112,"column":null}},"line":67},"2":{"name":"callLLM","decl":{"start":{"line":114,"column":15},"end":{"line":114,"column":23}},"loc":{"start":{"line":114,"column":56},"end":{"line":149,"column":null}},"line":114},"3":{"name":"analyzeAccessRequest","decl":{"start":{"line":151,"column":22},"end":{"line":151,"column":null}},"loc":{"start":{"line":153,"column":21},"end":{"line":164,"column":null}},"line":153}},"branchMap":{"0":{"loc":{"start":{"line":78,"column":4},"end":{"line":80,"column":null}},"type":"if","locations":[{"start":{"line":78,"column":4},"end":{"line":80,"column":null}},{"start":{},"end":{}}],"line":78},"1":{"loc":{"start":{"line":78,"column":8},"end":{"line":78,"column":47}},"type":"binary-expr","locations":[{"start":{"line":78,"column":8},"end":{"line":78,"column":19}},{"start":{"line":78,"column":19},"end":{"line":78,"column":47}}],"line":78},"2":{"loc":{"start":{"line":84,"column":4},"end":{"line":90,"column":null}},"type":"if","locations":[{"start":{"line":84,"column":4},"end":{"line":90,"column":null}},{"start":{},"end":{}}],"line":84},"3":{"loc":{"start":{"line":85,"column":8},"end":{"line":87,"column":null}},"type":"binary-expr","locations":[{"start":{"line":85,"column":8},"end":{"line":85,"column":null}},{"start":{"line":86,"column":8},"end":{"line":86,"column":null}},{"start":{"line":87,"column":8},"end":{"line":87,"column":null}}],"line":85},"4":{"loc":{"start":{"line":92,"column":4},"end":{"line":98,"column":null}},"type":"if","locations":[{"start":{"line":92,"column":4},"end":{"line":98,"column":null}},{"start":{},"end":{}}],"line":92},"5":{"loc":{"start":{"line":93,"column":8},"end":{"line":95,"column":null}},"type":"binary-expr","locations":[{"start":{"line":93,"column":8},"end":{"line":93,"column":null}},{"start":{"line":94,"column":8},"end":{"line":94,"column":null}},{"start":{"line":95,"column":8},"end":{"line":95,"column":null}}],"line":93},"6":{"loc":{"start":{"line":100,"column":4},"end":{"line":105,"column":null}},"type":"if","locations":[{"start":{"line":100,"column":4},"end":{"line":105,"column":null}},{"start":{},"end":{}}],"line":100},"7":{"loc":{"start":{"line":101,"column":8},"end":{"line":102,"column":null}},"type":"binary-expr","locations":[{"start":{"line":101,"column":8},"end":{"line":101,"column":null}},{"start":{"line":102,"column":8},"end":{"line":102,"column":null}}],"line":101},"8":{"loc":{"start":{"line":135,"column":4},"end":{"line":138,"column":null}},"type":"if","locations":[{"start":{"line":135,"column":4},"end":{"line":138,"column":null}},{"start":{},"end":{}}],"line":135},"9":{"loc":{"start":{"line":144,"column":4},"end":{"line":146,"column":null}},"type":"if","locations":[{"start":{"line":144,"column":4},"end":{"line":146,"column":null}},{"start":{},"end":{}}],"line":144}},"s":{"0":0,"1":0,"2":0,"3":0,"4":0,"5":0,"6":0,"7":0,"8":0,"9":0,"10":0,"11":0,"12":0,"13":0,"14":0,"15":0,"16":0,"17":0,"18":0,"19":0,"20":0,"21":0,"22":0,"23":0,"24":0,"25":0,"26":0},"f":{"0":0,"1":0,"2":0,"3":0},"b":{"0":[0,0],"1":[0,0],"2":[0,0],"3":[0,0,0],"4":[0,0],"5":[0,0,0],"6":[0,0],"7":[0,0],"8":[0,0],"9":[0,0]},"meta":{"lastBranch":10,"lastFunction":4,"lastStatement":27,"seen":{"f:4:9:4:21":0,"s:5:4:34:Infinity":0,"f:67:9:67:23":1,"s:70:21:70:Infinity":1,"s:72:4:76:Infinity":2,"s:73:8:73:Infinity":3,"s:75:8:75:Infinity":4,"b:78:4:80:Infinity:undefined:undefined:undefined:undefined":0,"s:78:4:80:Infinity":5,"b:78:8:78:19:78:19:78:47":1,"s:79:8:79:Infinity":6,"s:82:19:82:Infinity":7,"b:84:4:90:Infinity:undefined:undefined:undefined:undefined":2,"s:84:4:90:Infinity":8,"b:85:8:85:Infinity:86:8:86:Infinity:87:8:87:Infinity":3,"s:89:8:89:Infinity":9,"b:92:4:98:Infinity:undefined:undefined:undefined:undefined":4,"s:92:4:98:Infinity":10,"b:93:8:93:Infinity:94:8:94:Infinity:95:8:95:Infinity":5,"s:97:8:97:Infinity":11,"b:100:4:105:Infinity:undefined:undefined:undefined:undefined":6,"s:100:4:105:Infinity":12,"b:101:8:101:Infinity:102:8:102:Infinity":7,"s:104:8:104:Infinity":13,"s:107:4:111:Infinity":14,"f:114:15:114:23":2,"s:115:21:133:Infinity":15,"b:135:4:138:Infinity:undefined:undefined:undefined:undefined":8,"s:135:4:138:Infinity":16,"s:137:8:137:Infinity":17,"s:140:17:140:Infinity":18,"s:142:20:142:Infinity":19,"b:144:4:146:Infinity:undefined:undefined:undefined:undefined":9,"s:144:4:146:Infinity":20,"s:145:8:145:Infinity":21,"s:148:4:148:Infinity":22,"f:151:22:151:Infinity":3,"s:155:17:155:Infinity":23,"s:157:19:157:Infinity":24,"s:158:2:158:Infinity":25,"s:160:2:160:Infinity":26},"fnNames":{}}}
,"/home/the-him/Desktop/Access Manager/src/backend/modules/ai/ai.controller.ts": {"path":"/home/the-him/Desktop/Access Manager/src/backend/modules/ai/ai.controller.ts","statementMap":{"0":{"start":{"line":5,"column":45},"end":{"line":34,"column":null}},"1":{"start":{"line":7,"column":2},"end":{"line":33,"column":null}},"2":{"start":{"line":8,"column":4},"end":{"line":14,"column":null}},"3":{"start":{"line":9,"column":6},"end":{"line":9,"column":null}},"4":{"start":{"line":10,"column":6},"end":{"line":12,"column":null}},"5":{"start":{"line":13,"column":6},"end":{"line":13,"column":null}},"6":{"start":{"line":16,"column":26},"end":{"line":16,"column":null}},"7":{"start":{"line":18,"column":4},"end":{"line":23,"column":null}},"8":{"start":{"line":19,"column":6},"end":{"line":21,"column":null}},"9":{"start":{"line":22,"column":6},"end":{"line":22,"column":null}},"10":{"start":{"line":25,"column":19},"end":{"line":28,"column":null}},"11":{"start":{"line":30,"column":4},"end":{"line":30,"column":null}},"12":{"start":{"line":32,"column":4},"end":{"line":32,"column":null}}},"fnMap":{"0":{"name":"(anonymous_0)","decl":{"start":{"line":5,"column":45},"end":{"line":5,"column":52}},"loc":{"start":{"line":5,"column":71},"end":{"line":34,"column":null}},"line":5}},"branchMap":{"0":{"loc":{"start":{"line":8,"column":4},"end":{"line":14,"column":null}},"type":"if","locations":[{"start":{"line":8,"column":4},"end":{"line":14,"column":null}},{"start":{},"end":{}}],"line":8},"1":{"loc":{"start":{"line":18,"column":4},"end":{"line":23,"column":null}},"type":"if","locations":[{"start":{"line":18,"column":4},"end":{"line":23,"column":null}},{"start":{},"end":{}}],"line":18}},"s":{"0":5,"1":0,"2":0,"3":0,"4":0,"5":0,"6":0,"7":0,"8":0,"9":0,"10":0,"11":0,"12":0},"f":{"0":0},"b":{"0":[0,0],"1":[0,0]},"meta":{"lastBranch":2,"lastFunction":1,"lastStatement":13,"seen":{"s:5:45:34:Infinity":0,"f:5:45:5:52":0,"s:7:2:33:Infinity":1,"b:8:4:14:Infinity:undefined:undefined:undefined:undefined":0,"s:8:4:14:Infinity":2,"s:9:6:9:Infinity":3,"s:10:6:12:Infinity":4,"s:13:6:13:Infinity":5,"s:16:26:16:Infinity":6,"b:18:4:23:Infinity:undefined:undefined:undefined:undefined":1,"s:18:4:23:Infinity":7,"s:19:6:21:Infinity":8,"s:22:6:22:Infinity":9,"s:25:19:28:Infinity":10,"s:30:4:30:Infinity":11,"s:32:4:32:Infinity":12},"fnNames":{}}}
,"/home/the-him/Desktop/Access Manager/src/backend/modules/ai/ai.routes.ts": {"path":"/home/the-him/Desktop/Access Manager/src/backend/modules/ai/ai.routes.ts","statementMap":{"0":{"start":{"line":6,"column":17},"end":{"line":6,"column":null}},"1":{"start":{"line":8,"column":0},"end":{"line":13,"column":null}}},"fnMap":{},"branchMap":{},"s":{"0":5,"1":5},"f":{},"b":{},"meta":{"lastBranch":0,"lastFunction":0,"lastStatement":2,"seen":{"s:6:17:6:Infinity":0,"s:8:0:13:Infinity":1},"fnNames":{}}}
,"/home/the-him/Desktop/Access Manager/src/backend/modules/ai/ai.service.ts": {"path":"/home/the-him/Desktop/Access Manager/src/backend/modules/ai/ai.service.ts","statementMap":{"0":{"start":{"line":17,"column":22},"end":{"line":20,"column":null}},"1":{"start":{"line":22,"column":4},"end":{"line":24,"column":null}},"2":{"start":{"line":23,"column":8},"end":{"line":23,"column":null}},"3":{"start":{"line":27,"column":4},"end":{"line":32,"column":null}},"4":{"start":{"line":28,"column":8},"end":{"line":31,"column":null}},"5":{"start":{"line":35,"column":24},"end":{"line":42,"column":null}},"6":{"start":{"line":44,"column":4},"end":{"line":46,"column":null}},"7":{"start":{"line":45,"column":8},"end":{"line":45,"column":null}},"8":{"start":{"line":49,"column":26},"end":{"line":52,"column":null}},"9":{"start":{"line":54,"column":4},"end":{"line":56,"column":null}},"10":{"start":{"line":55,"column":8},"end":{"line":55,"column":null}},"11":{"start":{"line":59,"column":42},"end":{"line":79,"column":null}},"12":{"start":{"line":82,"column":19},"end":{"line":82,"column":null}},"13":{"start":{"line":85,"column":23},"end":{"line":85,"column":null}},"14":{"start":{"line":87,"column":4},"end":{"line":94,"column":null}},"15":{"start":{"line":96,"column":4},"end":{"line":99,"column":null}},"16":{"start":{"line":103,"column":29},"end":{"line":103,"column":null}},"17":{"start":{"line":105,"column":4},"end":{"line":107,"column":null}},"18":{"start":{"line":106,"column":8},"end":{"line":106,"column":null}},"19":{"start":{"line":109,"column":4},"end":{"line":111,"column":null}},"20":{"start":{"line":110,"column":8},"end":{"line":110,"column":null}},"21":{"start":{"line":113,"column":4},"end":{"line":116,"column":null}}},"fnMap":{"0":{"name":"reviewRequest","decl":{"start":{"line":11,"column":22},"end":{"line":11,"column":null}},"loc":{"start":{"line":14,"column":2},"end":{"line":100,"column":null}},"line":14},"1":{"name":"evaluateReview","decl":{"start":{"line":102,"column":9},"end":{"line":102,"column":24}},"loc":{"start":{"line":102,"column":42},"end":{"line":117,"column":null}},"line":102}},"branchMap":{"0":{"loc":{"start":{"line":22,"column":4},"end":{"line":24,"column":null}},"type":"if","locations":[{"start":{"line":22,"column":4},"end":{"line":24,"column":null}},{"start":{},"end":{}}],"line":22},"1":{"loc":{"start":{"line":27,"column":4},"end":{"line":32,"column":null}},"type":"if","locations":[{"start":{"line":27,"column":4},"end":{"line":32,"column":null}},{"start":{},"end":{}}],"line":27},"2":{"loc":{"start":{"line":44,"column":4},"end":{"line":46,"column":null}},"type":"if","locations":[{"start":{"line":44,"column":4},"end":{"line":46,"column":null}},{"start":{},"end":{}}],"line":44},"3":{"loc":{"start":{"line":54,"column":4},"end":{"line":56,"column":null}},"type":"if","locations":[{"start":{"line":54,"column":4},"end":{"line":56,"column":null}},{"start":{},"end":{}}],"line":54},"4":{"loc":{"start":{"line":105,"column":4},"end":{"line":107,"column":null}},"type":"if","locations":[{"start":{"line":105,"column":4},"end":{"line":107,"column":null}},{"start":{},"end":{}}],"line":105},"5":{"loc":{"start":{"line":109,"column":4},"end":{"line":111,"column":null}},"type":"if","locations":[{"start":{"line":109,"column":4},"end":{"line":111,"column":null}},{"start":{},"end":{}}],"line":109}},"s":{"0":0,"1":0,"2":0,"3":0,"4":0,"5":0,"6":0,"7":0,"8":0,"9":0,"10":0,"11":0,"12":0,"13":0,"14":0,"15":0,"16":0,"17":0,"18":0,"19":0,"20":0,"21":0},"f":{"0":0,"1":0},"b":{"0":[0,0],"1":[0,0],"2":[0,0],"3":[0,0],"4":[0,0],"5":[0,0]},"meta":{"lastBranch":6,"lastFunction":2,"lastStatement":22,"seen":{"f:11:22:11:Infinity":0,"s:17:22:20:Infinity":0,"b:22:4:24:Infinity:undefined:undefined:undefined:undefined":0,"s:22:4:24:Infinity":1,"s:23:8:23:Infinity":2,"b:27:4:32:Infinity:undefined:undefined:undefined:undefined":1,"s:27:4:32:Infinity":3,"s:28:8:31:Infinity":4,"s:35:24:42:Infinity":5,"b:44:4:46:Infinity:undefined:undefined:undefined:undefined":2,"s:44:4:46:Infinity":6,"s:45:8:45:Infinity":7,"s:49:26:52:Infinity":8,"b:54:4:56:Infinity:undefined:undefined:undefined:undefined":3,"s:54:4:56:Infinity":9,"s:55:8:55:Infinity":10,"s:59:42:79:Infinity":11,"s:82:19:82:Infinity":12,"s:85:23:85:Infinity":13,"s:87:4:94:Infinity":14,"s:96:4:99:Infinity":15,"f:102:9:102:24":1,"s:103:29:103:Infinity":16,"b:105:4:107:Infinity:undefined:undefined:undefined:undefined":4,"s:105:4:107:Infinity":17,"s:106:8:106:Infinity":18,"b:109:4:111:Infinity:undefined:undefined:undefined:undefined":5,"s:109:4:111:Infinity":19,"s:110:8:110:Infinity":20,"s:113:4:116:Infinity":21},"fnNames":{}}}
,"/home/the-him/Desktop/Access Manager/src/backend/modules/auth/auth.controller.ts": {"path":"/home/the-him/Desktop/Access Manager/src/backend/modules/auth/auth.controller.ts","statementMap":{"0":{"start":{"line":4,"column":44},"end":{"line":30,"column":null}},"1":{"start":{"line":6,"column":4},"end":{"line":29,"column":null}},"2":{"start":{"line":7,"column":29},"end":{"line":7,"column":null}},"3":{"start":{"line":8,"column":33},"end":{"line":8,"column":null}},"4":{"start":{"line":9,"column":23},"end":{"line":11,"column":null}},"5":{"start":{"line":13,"column":32},"end":{"line":13,"column":null}},"6":{"start":{"line":14,"column":34},"end":{"line":14,"column":null}},"7":{"start":{"line":16,"column":14},"end":{"line":16,"column":null}},"8":{"start":{"line":18,"column":8},"end":{"line":23,"column":null}},"9":{"start":{"line":25,"column":8},"end":{"line":25,"column":null}},"10":{"start":{"line":28,"column":8},"end":{"line":28,"column":null}},"11":{"start":{"line":32,"column":41},"end":{"line":58,"column":null}},"12":{"start":{"line":34,"column":4},"end":{"line":57,"column":null}},"13":{"start":{"line":35,"column":33},"end":{"line":35,"column":null}},"14":{"start":{"line":36,"column":33},"end":{"line":36,"column":null}},"15":{"start":{"line":37,"column":23},"end":{"line":39,"column":null}},"16":{"start":{"line":41,"column":32},"end":{"line":41,"column":null}},"17":{"start":{"line":42,"column":34},"end":{"line":42,"column":null}},"18":{"start":{"line":44,"column":14},"end":{"line":44,"column":null}},"19":{"start":{"line":46,"column":8},"end":{"line":51,"column":null}},"20":{"start":{"line":53,"column":8},"end":{"line":53,"column":null}},"21":{"start":{"line":56,"column":8},"end":{"line":56,"column":null}},"22":{"start":{"line":60,"column":50},"end":{"line":73,"column":null}},"23":{"start":{"line":62,"column":4},"end":{"line":72,"column":null}},"24":{"start":{"line":63,"column":37},"end":{"line":63,"column":null}},"25":{"start":{"line":64,"column":30},"end":{"line":66,"column":null}},"26":{"start":{"line":68,"column":8},"end":{"line":68,"column":null}},"27":{"start":{"line":71,"column":8},"end":{"line":71,"column":null}},"28":{"start":{"line":75,"column":37},"end":{"line":92,"column":null}},"29":{"start":{"line":77,"column":4},"end":{"line":91,"column":null}},"30":{"start":{"line":79,"column":8},"end":{"line":81,"column":null}},"31":{"start":{"line":80,"column":12},"end":{"line":80,"column":null}},"32":{"start":{"line":83,"column":8},"end":{"line":87,"column":null}},"33":{"start":{"line":90,"column":8},"end":{"line":90,"column":null}},"34":{"start":{"line":95,"column":38},"end":{"line":116,"column":null}},"35":{"start":{"line":97,"column":4},"end":{"line":115,"column":null}},"36":{"start":{"line":99,"column":29},"end":{"line":99,"column":null}},"37":{"start":{"line":101,"column":8},"end":{"line":103,"column":null}},"38":{"start":{"line":102,"column":12},"end":{"line":102,"column":null}},"39":{"start":{"line":105,"column":8},"end":{"line":109,"column":null}},"40":{"start":{"line":111,"column":8},"end":{"line":111,"column":null}},"41":{"start":{"line":114,"column":8},"end":{"line":114,"column":null}}},"fnMap":{"0":{"name":"(anonymous_0)","decl":{"start":{"line":4,"column":44},"end":{"line":4,"column":51}},"loc":{"start":{"line":4,"column":69},"end":{"line":30,"column":null}},"line":4},"1":{"name":"(anonymous_1)","decl":{"start":{"line":32,"column":41},"end":{"line":32,"column":48}},"loc":{"start":{"line":32,"column":66},"end":{"line":58,"column":null}},"line":32},"2":{"name":"(anonymous_2)","decl":{"start":{"line":60,"column":50},"end":{"line":60,"column":57}},"loc":{"start":{"line":60,"column":75},"end":{"line":73,"column":null}},"line":60},"3":{"name":"(anonymous_3)","decl":{"start":{"line":75,"column":37},"end":{"line":75,"column":44}},"loc":{"start":{"line":75,"column":62},"end":{"line":92,"column":null}},"line":75},"4":{"name":"(anonymous_4)","decl":{"start":{"line":95,"column":38},"end":{"line":95,"column":45}},"loc":{"start":{"line":95,"column":63},"end":{"line":116,"column":null}},"line":95}},"branchMap":{"0":{"loc":{"start":{"line":79,"column":8},"end":{"line":81,"column":null}},"type":"if","locations":[{"start":{"line":79,"column":8},"end":{"line":81,"column":null}},{"start":{},"end":{}}],"line":79},"1":{"loc":{"start":{"line":101,"column":8},"end":{"line":103,"column":null}},"type":"if","locations":[{"start":{"line":101,"column":8},"end":{"line":103,"column":null}},{"start":{},"end":{}}],"line":101}},"s":{"0":5,"1":2,"2":2,"3":2,"4":2,"5":1,"6":1,"7":1,"8":1,"9":1,"10":1,"11":5,"12":3,"13":3,"14":3,"15":3,"16":1,"17":1,"18":1,"19":1,"20":1,"21":2,"22":5,"23":0,"24":0,"25":0,"26":0,"27":0,"28":5,"29":2,"30":2,"31":0,"32":2,"33":0,"34":5,"35":0,"36":0,"37":0,"38":0,"39":0,"40":0,"41":0},"f":{"0":2,"1":3,"2":0,"3":2,"4":0},"b":{"0":[0,2],"1":[0,0]},"meta":{"lastBranch":2,"lastFunction":5,"lastStatement":42,"seen":{"s:4:44:30:Infinity":0,"f:4:44:4:51":0,"s:6:4:29:Infinity":1,"s:7:29:7:Infinity":2,"s:8:33:8:Infinity":3,"s:9:23:11:Infinity":4,"s:13:32:13:Infinity":5,"s:14:34:14:Infinity":6,"s:16:14:16:Infinity":7,"s:18:8:23:Infinity":8,"s:25:8:25:Infinity":9,"s:28:8:28:Infinity":10,"s:32:41:58:Infinity":11,"f:32:41:32:48":1,"s:34:4:57:Infinity":12,"s:35:33:35:Infinity":13,"s:36:33:36:Infinity":14,"s:37:23:39:Infinity":15,"s:41:32:41:Infinity":16,"s:42:34:42:Infinity":17,"s:44:14:44:Infinity":18,"s:46:8:51:Infinity":19,"s:53:8:53:Infinity":20,"s:56:8:56:Infinity":21,"s:60:50:73:Infinity":22,"f:60:50:60:57":2,"s:62:4:72:Infinity":23,"s:63:37:63:Infinity":24,"s:64:30:66:Infinity":25,"s:68:8:68:Infinity":26,"s:71:8:71:Infinity":27,"s:75:37:92:Infinity":28,"f:75:37:75:44":3,"s:77:4:91:Infinity":29,"b:79:8:81:Infinity:undefined:undefined:undefined:undefined":0,"s:79:8:81:Infinity":30,"s:80:12:80:Infinity":31,"s:83:8:87:Infinity":32,"s:90:8:90:Infinity":33,"s:95:38:116:Infinity":34,"f:95:38:95:45":4,"s:97:4:115:Infinity":35,"s:99:29:99:Infinity":36,"b:101:8:103:Infinity:undefined:undefined:undefined:undefined":1,"s:101:8:103:Infinity":37,"s:102:12:102:Infinity":38,"s:105:8:109:Infinity":39,"s:111:8:111:Infinity":40,"s:114:8:114:Infinity":41},"fnNames":{}}}
,"/home/the-him/Desktop/Access Manager/src/backend/modules/auth/auth.routes.ts": {"path":"/home/the-him/Desktop/Access Manager/src/backend/modules/auth/auth.routes.ts","statementMap":{"0":{"start":{"line":4,"column":19},"end":{"line":4,"column":null}},"1":{"start":{"line":8,"column":0},"end":{"line":8,"column":null}},"2":{"start":{"line":9,"column":0},"end":{"line":9,"column":null}},"3":{"start":{"line":10,"column":0},"end":{"line":10,"column":null}},"4":{"start":{"line":11,"column":0},"end":{"line":11,"column":null}},"5":{"start":{"line":12,"column":0},"end":{"line":12,"column":null}}},"fnMap":{},"branchMap":{},"s":{"0":5,"1":5,"2":5,"3":5,"4":5,"5":5},"f":{},"b":{},"meta":{"lastBranch":0,"lastFunction":0,"lastStatement":6,"seen":{"s:4:19:4:Infinity":0,"s:8:0:8:Infinity":1,"s:9:0:9:Infinity":2,"s:10:0:10:Infinity":3,"s:11:0:11:Infinity":4,"s:12:0:12:Infinity":5},"fnNames":{}}}
,"/home/the-him/Desktop/Access Manager/src/backend/modules/auth/auth.service.ts": {"path":"/home/the-him/Desktop/Access Manager/src/backend/modules/auth/auth.service.ts","statementMap":{"0":{"start":{"line":15,"column":19},"end":{"line":15,"column":null}},"1":{"start":{"line":16,"column":4},"end":{"line":18,"column":null}},"2":{"start":{"line":17,"column":8},"end":{"line":17,"column":null}},"3":{"start":{"line":20,"column":35},"end":{"line":20,"column":null}},"4":{"start":{"line":21,"column":19},"end":{"line":21,"column":null}},"5":{"start":{"line":22,"column":4},"end":{"line":24,"column":null}},"6":{"start":{"line":23,"column":8},"end":{"line":23,"column":null}},"7":{"start":{"line":26,"column":40},"end":{"line":26,"column":null}},"8":{"start":{"line":28,"column":4},"end":{"line":34,"column":null}},"9":{"start":{"line":37,"column":4},"end":{"line":45,"column":null}},"10":{"start":{"line":49,"column":19},"end":{"line":49,"column":null}},"11":{"start":{"line":50,"column":17},"end":{"line":50,"column":null}},"12":{"start":{"line":51,"column":4},"end":{"line":53,"column":null}},"13":{"start":{"line":52,"column":8},"end":{"line":52,"column":null}},"14":{"start":{"line":54,"column":20},"end":{"line":54,"column":null}},"15":{"start":{"line":55,"column":4},"end":{"line":57,"column":null}},"16":{"start":{"line":56,"column":8},"end":{"line":56,"column":null}},"17":{"start":{"line":58,"column":40},"end":{"line":58,"column":null}},"18":{"start":{"line":60,"column":4},"end":{"line":65,"column":null}},"19":{"start":{"line":68,"column":4},"end":{"line":76,"column":null}},"20":{"start":{"line":80,"column":4},"end":{"line":82,"column":null}},"21":{"start":{"line":81,"column":8},"end":{"line":81,"column":null}},"22":{"start":{"line":83,"column":22},"end":{"line":83,"column":null}},"23":{"start":{"line":84,"column":19},"end":{"line":84,"column":null}},"24":{"start":{"line":85,"column":24},"end":{"line":85,"column":null}},"25":{"start":{"line":87,"column":4},"end":{"line":89,"column":null}},"26":{"start":{"line":88,"column":8},"end":{"line":88,"column":null}},"27":{"start":{"line":91,"column":27},"end":{"line":91,"column":null}},"28":{"start":{"line":92,"column":28},"end":{"line":92,"column":null}},"29":{"start":{"line":93,"column":24},"end":{"line":97,"column":null}},"30":{"start":{"line":99,"column":4},"end":{"line":99,"column":null}},"31":{"start":{"line":103,"column":4},"end":{"line":103,"column":null}},"32":{"start":{"line":107,"column":22},"end":{"line":107,"column":null}},"33":{"start":{"line":109,"column":2},"end":{"line":111,"column":null}},"34":{"start":{"line":115,"column":27},"end":{"line":115,"column":null}},"35":{"start":{"line":116,"column":28},"end":{"line":116,"column":null}},"36":{"start":{"line":118,"column":28},"end":{"line":118,"column":null}},"37":{"start":{"line":119,"column":30},"end":{"line":119,"column":null}},"38":{"start":{"line":121,"column":24},"end":{"line":121,"column":null}},"39":{"start":{"line":122,"column":25},"end":{"line":122,"column":null}},"40":{"start":{"line":123,"column":22},"end":{"line":123,"column":null}},"41":{"start":{"line":124,"column":4},"end":{"line":124,"column":null}},"42":{"start":{"line":125,"column":4},"end":{"line":125,"column":null}}},"fnMap":{"0":{"name":"registerUser","decl":{"start":{"line":13,"column":22},"end":{"line":13,"column":35}},"loc":{"start":{"line":13,"column":71},"end":{"line":46,"column":null}},"line":13},"1":{"name":"loginUser","decl":{"start":{"line":48,"column":22},"end":{"line":48,"column":32}},"loc":{"start":{"line":48,"column":68},"end":{"line":77,"column":null}},"line":48},"2":{"name":"refreshAccessToken","decl":{"start":{"line":79,"column":22},"end":{"line":79,"column":41}},"loc":{"start":{"line":79,"column":63},"end":{"line":100,"column":null}},"line":79},"3":{"name":"hashRefreshToken","decl":{"start":{"line":102,"column":9},"end":{"line":102,"column":26}},"loc":{"start":{"line":102,"column":47},"end":{"line":104,"column":null}},"line":102},"4":{"name":"logout","decl":{"start":{"line":106,"column":22},"end":{"line":106,"column":29}},"loc":{"start":{"line":106,"column":51},"end":{"line":112,"column":null}},"line":106},"5":{"name":"createSession","decl":{"start":{"line":114,"column":15},"end":{"line":114,"column":29}},"loc":{"start":{"line":114,"column":41},"end":{"line":126,"column":null}},"line":114}},"branchMap":{"0":{"loc":{"start":{"line":16,"column":4},"end":{"line":18,"column":null}},"type":"if","locations":[{"start":{"line":16,"column":4},"end":{"line":18,"column":null}},{"start":{},"end":{}}],"line":16},"1":{"loc":{"start":{"line":22,"column":4},"end":{"line":24,"column":null}},"type":"if","locations":[{"start":{"line":22,"column":4},"end":{"line":24,"column":null}},{"start":{},"end":{}}],"line":22},"2":{"loc":{"start":{"line":51,"column":4},"end":{"line":53,"column":null}},"type":"if","locations":[{"start":{"line":51,"column":4},"end":{"line":53,"column":null}},{"start":{},"end":{}}],"line":51},"3":{"loc":{"start":{"line":55,"column":4},"end":{"line":57,"column":null}},"type":"if","locations":[{"start":{"line":55,"column":4},"end":{"line":57,"column":null}},{"start":{},"end":{}}],"line":55},"4":{"loc":{"start":{"line":80,"column":4},"end":{"line":82,"column":null}},"type":"if","locations":[{"start":{"line":80,"column":4},"end":{"line":82,"column":null}},{"start":{},"end":{}}],"line":80},"5":{"loc":{"start":{"line":87,"column":4},"end":{"line":89,"column":null}},"type":"if","locations":[{"start":{"line":87,"column":4},"end":{"line":89,"column":null}},{"start":{},"end":{}}],"line":87},"6":{"loc":{"start":{"line":87,"column":8},"end":{"line":87,"column":60}},"type":"binary-expr","locations":[{"start":{"line":87,"column":8},"end":{"line":87,"column":24}},{"start":{"line":87,"column":24},"end":{"line":87,"column":60}}],"line":87}},"s":{"0":2,"1":2,"2":1,"3":1,"4":1,"5":1,"6":0,"7":1,"8":1,"9":1,"10":3,"11":3,"12":3,"13":1,"14":2,"15":2,"16":1,"17":1,"18":1,"19":1,"20":0,"21":0,"22":0,"23":0,"24":0,"25":0,"26":0,"27":0,"28":0,"29":0,"30":0,"31":2,"32":0,"33":0,"34":2,"35":2,"36":2,"37":2,"38":2,"39":2,"40":2,"41":2,"42":2},"f":{"0":2,"1":3,"2":0,"3":2,"4":0,"5":2},"b":{"0":[1,1],"1":[0,1],"2":[1,2],"3":[1,1],"4":[0,0],"5":[0,0],"6":[0,0]},"meta":{"lastBranch":7,"lastFunction":6,"lastStatement":43,"seen":{"f:13:22:13:35":0,"s:15:19:15:Infinity":0,"b:16:4:18:Infinity:undefined:undefined:undefined:undefined":0,"s:16:4:18:Infinity":1,"s:17:8:17:Infinity":2,"s:20:35:20:Infinity":3,"s:21:19:21:Infinity":4,"b:22:4:24:Infinity:undefined:undefined:undefined:undefined":1,"s:22:4:24:Infinity":5,"s:23:8:23:Infinity":6,"s:26:40:26:Infinity":7,"s:28:4:34:Infinity":8,"s:37:4:45:Infinity":9,"f:48:22:48:32":1,"s:49:19:49:Infinity":10,"s:50:17:50:Infinity":11,"b:51:4:53:Infinity:undefined:undefined:undefined:undefined":2,"s:51:4:53:Infinity":12,"s:52:8:52:Infinity":13,"s:54:20:54:Infinity":14,"b:55:4:57:Infinity:undefined:undefined:undefined:undefined":3,"s:55:4:57:Infinity":15,"s:56:8:56:Infinity":16,"s:58:40:58:Infinity":17,"s:60:4:65:Infinity":18,"s:68:4:76:Infinity":19,"f:79:22:79:41":2,"b:80:4:82:Infinity:undefined:undefined:undefined:undefined":4,"s:80:4:82:Infinity":20,"s:81:8:81:Infinity":21,"s:83:22:83:Infinity":22,"s:84:19:84:Infinity":23,"s:85:24:85:Infinity":24,"b:87:4:89:Infinity:undefined:undefined:undefined:undefined":5,"s:87:4:89:Infinity":25,"b:87:8:87:24:87:24:87:60":6,"s:88:8:88:Infinity":26,"s:91:27:91:Infinity":27,"s:92:28:92:Infinity":28,"s:93:24:97:Infinity":29,"s:99:4:99:Infinity":30,"f:102:9:102:26":3,"s:103:4:103:Infinity":31,"f:106:22:106:29":4,"s:107:22:107:Infinity":32,"s:109:2:111:Infinity":33,"f:114:15:114:29":5,"s:115:27:115:Infinity":34,"s:116:28:116:Infinity":35,"s:118:28:118:Infinity":36,"s:119:30:119:Infinity":37,"s:121:24:121:Infinity":38,"s:122:25:122:Infinity":39,"s:123:22:123:Infinity":40,"s:124:4:124:Infinity":41,"s:125:4:125:Infinity":42},"fnNames":{}}}
,"/home/the-him/Desktop/Access Manager/src/backend/modules/requests/request.controller.ts": {"path":"/home/the-him/Desktop/Access Manager/src/backend/modules/requests/request.controller.ts","statementMap":{"0":{"start":{"line":6,"column":45},"end":{"line":54,"column":null}},"1":{"start":{"line":8,"column":4},"end":{"line":53,"column":null}},"2":{"start":{"line":10,"column":8},"end":{"line":13,"column":null}},"3":{"start":{"line":11,"column":12},"end":{"line":11,"column":null}},"4":{"start":{"line":12,"column":12},"end":{"line":12,"column":null}},"5":{"start":{"line":15,"column":41},"end":{"line":15,"column":null}},"6":{"start":{"line":17,"column":8},"end":{"line":20,"column":null}},"7":{"start":{"line":18,"column":12},"end":{"line":18,"column":null}},"8":{"start":{"line":19,"column":12},"end":{"line":19,"column":null}},"9":{"start":{"line":22,"column":8},"end":{"line":25,"column":null}},"10":{"start":{"line":23,"column":12},"end":{"line":23,"column":null}},"11":{"start":{"line":24,"column":12},"end":{"line":24,"column":null}},"12":{"start":{"line":27,"column":8},"end":{"line":36,"column":null}},"13":{"start":{"line":32,"column":12},"end":{"line":34,"column":null}},"14":{"start":{"line":35,"column":12},"end":{"line":35,"column":null}},"15":{"start":{"line":38,"column":46},"end":{"line":38,"column":null}},"16":{"start":{"line":39,"column":23},"end":{"line":39,"column":null}},"17":{"start":{"line":41,"column":24},"end":{"line":46,"column":null}},"18":{"start":{"line":48,"column":8},"end":{"line":48,"column":null}},"19":{"start":{"line":52,"column":8},"end":{"line":52,"column":null}},"20":{"start":{"line":56,"column":42},"end":{"line":115,"column":null}},"21":{"start":{"line":58,"column":4},"end":{"line":114,"column":null}},"22":{"start":{"line":60,"column":8},"end":{"line":63,"column":null}},"23":{"start":{"line":61,"column":12},"end":{"line":61,"column":null}},"24":{"start":{"line":62,"column":12},"end":{"line":62,"column":null}},"25":{"start":{"line":65,"column":23},"end":{"line":65,"column":null}},"26":{"start":{"line":66,"column":25},"end":{"line":66,"column":null}},"27":{"start":{"line":69,"column":28},"end":{"line":69,"column":null}},"28":{"start":{"line":70,"column":22},"end":{"line":70,"column":null}},"29":{"start":{"line":71,"column":22},"end":{"line":71,"column":null}},"30":{"start":{"line":72,"column":22},"end":{"line":72,"column":null}},"31":{"start":{"line":74,"column":8},"end":{"line":79,"column":null}},"32":{"start":{"line":75,"column":12},"end":{"line":77,"column":null}},"33":{"start":{"line":78,"column":12},"end":{"line":78,"column":null}},"34":{"start":{"line":81,"column":8},"end":{"line":86,"column":null}},"35":{"start":{"line":82,"column":12},"end":{"line":84,"column":null}},"36":{"start":{"line":85,"column":12},"end":{"line":85,"column":null}},"37":{"start":{"line":88,"column":8},"end":{"line":93,"column":null}},"38":{"start":{"line":89,"column":12},"end":{"line":91,"column":null}},"39":{"start":{"line":92,"column":12},"end":{"line":92,"column":null}},"40":{"start":{"line":95,"column":8},"end":{"line":100,"column":null}},"41":{"start":{"line":96,"column":12},"end":{"line":98,"column":null}},"42":{"start":{"line":99,"column":12},"end":{"line":99,"column":null}},"43":{"start":{"line":102,"column":25},"end":{"line":107,"column":null}},"44":{"start":{"line":109,"column":8},"end":{"line":109,"column":null}},"45":{"start":{"line":113,"column":8},"end":{"line":113,"column":null}},"46":{"start":{"line":117,"column":45},"end":{"line":155,"column":null}},"47":{"start":{"line":119,"column":4},"end":{"line":154,"column":null}},"48":{"start":{"line":121,"column":8},"end":{"line":124,"column":null}},"49":{"start":{"line":122,"column":12},"end":{"line":122,"column":null}},"50":{"start":{"line":123,"column":12},"end":{"line":123,"column":null}},"51":{"start":{"line":126,"column":30},"end":{"line":126,"column":null}},"52":{"start":{"line":127,"column":26},"end":{"line":127,"column":null}},"53":{"start":{"line":129,"column":8},"end":{"line":134,"column":null}},"54":{"start":{"line":130,"column":12},"end":{"line":132,"column":null}},"55":{"start":{"line":133,"column":12},"end":{"line":133,"column":null}},"56":{"start":{"line":136,"column":8},"end":{"line":141,"column":null}},"57":{"start":{"line":137,"column":12},"end":{"line":139,"column":null}},"58":{"start":{"line":140,"column":12},"end":{"line":140,"column":null}},"59":{"start":{"line":143,"column":24},"end":{"line":147,"column":null}},"60":{"start":{"line":149,"column":8},"end":{"line":149,"column":null}},"61":{"start":{"line":153,"column":8},"end":{"line":153,"column":null}},"62":{"start":{"line":157,"column":47},"end":{"line":174,"column":null}},"63":{"start":{"line":159,"column":4},"end":{"line":173,"column":null}},"64":{"start":{"line":161,"column":8},"end":{"line":164,"column":null}},"65":{"start":{"line":162,"column":12},"end":{"line":162,"column":null}},"66":{"start":{"line":163,"column":12},"end":{"line":163,"column":null}},"67":{"start":{"line":166,"column":21},"end":{"line":166,"column":null}},"68":{"start":{"line":168,"column":8},"end":{"line":168,"column":null}},"69":{"start":{"line":172,"column":8},"end":{"line":172,"column":null}}},"fnMap":{"0":{"name":"(anonymous_0)","decl":{"start":{"line":6,"column":45},"end":{"line":6,"column":52}},"loc":{"start":{"line":6,"column":70},"end":{"line":54,"column":null}},"line":6},"1":{"name":"(anonymous_1)","decl":{"start":{"line":56,"column":42},"end":{"line":56,"column":49}},"loc":{"start":{"line":56,"column":67},"end":{"line":115,"column":null}},"line":56},"2":{"name":"(anonymous_2)","decl":{"start":{"line":117,"column":45},"end":{"line":117,"column":52}},"loc":{"start":{"line":117,"column":70},"end":{"line":155,"column":null}},"line":117},"3":{"name":"(anonymous_3)","decl":{"start":{"line":157,"column":47},"end":{"line":157,"column":54}},"loc":{"start":{"line":157,"column":72},"end":{"line":174,"column":null}},"line":157}},"branchMap":{"0":{"loc":{"start":{"line":10,"column":8},"end":{"line":13,"column":null}},"type":"if","locations":[{"start":{"line":10,"column":8},"end":{"line":13,"column":null}},{"start":{},"end":{}}],"line":10},"1":{"loc":{"start":{"line":15,"column":41},"end":{"line":15,"column":null}},"type":"binary-expr","locations":[{"start":{"line":15,"column":41},"end":{"line":15,"column":53}},{"start":{"line":15,"column":53},"end":{"line":15,"column":null}}],"line":15},"2":{"loc":{"start":{"line":17,"column":8},"end":{"line":20,"column":null}},"type":"if","locations":[{"start":{"line":17,"column":8},"end":{"line":20,"column":null}},{"start":{},"end":{}}],"line":17},"3":{"loc":{"start":{"line":22,"column":8},"end":{"line":25,"column":null}},"type":"if","locations":[{"start":{"line":22,"column":8},"end":{"line":25,"column":null}},{"start":{},"end":{}}],"line":22},"4":{"loc":{"start":{"line":22,"column":12},"end":{"line":22,"column":51}},"type":"binary-expr","locations":[{"start":{"line":22,"column":12},"end":{"line":22,"column":32}},{"start":{"line":22,"column":32},"end":{"line":22,"column":51}}],"line":22},"5":{"loc":{"start":{"line":27,"column":8},"end":{"line":36,"column":null}},"type":"if","locations":[{"start":{"line":27,"column":8},"end":{"line":36,"column":null}},{"start":{},"end":{}}],"line":27},"6":{"loc":{"start":{"line":28,"column":12},"end":{"line":30,"column":null}},"type":"binary-expr","locations":[{"start":{"line":28,"column":12},"end":{"line":28,"column":null}},{"start":{"line":29,"column":12},"end":{"line":29,"column":null}},{"start":{"line":30,"column":12},"end":{"line":30,"column":null}}],"line":28},"7":{"loc":{"start":{"line":60,"column":8},"end":{"line":63,"column":null}},"type":"if","locations":[{"start":{"line":60,"column":8},"end":{"line":63,"column":null}},{"start":{},"end":{}}],"line":60},"8":{"loc":{"start":{"line":74,"column":8},"end":{"line":79,"column":null}},"type":"if","locations":[{"start":{"line":74,"column":8},"end":{"line":79,"column":null}},{"start":{},"end":{}}],"line":74},"9":{"loc":{"start":{"line":74,"column":12},"end":{"line":74,"column":74}},"type":"binary-expr","locations":[{"start":{"line":74,"column":12},"end":{"line":74,"column":41}},{"start":{"line":74,"column":41},"end":{"line":74,"column":74}}],"line":74},"10":{"loc":{"start":{"line":81,"column":8},"end":{"line":86,"column":null}},"type":"if","locations":[{"start":{"line":81,"column":8},"end":{"line":86,"column":null}},{"start":{},"end":{}}],"line":81},"11":{"loc":{"start":{"line":81,"column":12},"end":{"line":81,"column":62}},"type":"binary-expr","locations":[{"start":{"line":81,"column":12},"end":{"line":81,"column":35}},{"start":{"line":81,"column":35},"end":{"line":81,"column":62}}],"line":81},"12":{"loc":{"start":{"line":88,"column":8},"end":{"line":93,"column":null}},"type":"if","locations":[{"start":{"line":88,"column":8},"end":{"line":93,"column":null}},{"start":{},"end":{}}],"line":88},"13":{"loc":{"start":{"line":88,"column":12},"end":{"line":88,"column":62}},"type":"binary-expr","locations":[{"start":{"line":88,"column":12},"end":{"line":88,"column":35}},{"start":{"line":88,"column":35},"end":{"line":88,"column":62}}],"line":88},"14":{"loc":{"start":{"line":95,"column":8},"end":{"line":100,"column":null}},"type":"if","locations":[{"start":{"line":95,"column":8},"end":{"line":100,"column":null}},{"start":{},"end":{}}],"line":95},"15":{"loc":{"start":{"line":95,"column":12},"end":{"line":95,"column":62}},"type":"binary-expr","locations":[{"start":{"line":95,"column":12},"end":{"line":95,"column":35}},{"start":{"line":95,"column":35},"end":{"line":95,"column":62}}],"line":95},"16":{"loc":{"start":{"line":121,"column":8},"end":{"line":124,"column":null}},"type":"if","locations":[{"start":{"line":121,"column":8},"end":{"line":124,"column":null}},{"start":{},"end":{}}],"line":121},"17":{"loc":{"start":{"line":129,"column":8},"end":{"line":134,"column":null}},"type":"if","locations":[{"start":{"line":129,"column":8},"end":{"line":134,"column":null}},{"start":{},"end":{}}],"line":129},"18":{"loc":{"start":{"line":136,"column":8},"end":{"line":141,"column":null}},"type":"if","locations":[{"start":{"line":136,"column":8},"end":{"line":141,"column":null}},{"start":{},"end":{}}],"line":136},"19":{"loc":{"start":{"line":136,"column":12},"end":{"line":136,"column":58}},"type":"binary-expr","locations":[{"start":{"line":136,"column":12},"end":{"line":136,"column":36}},{"start":{"line":136,"column":36},"end":{"line":136,"column":58}}],"line":136},"20":{"loc":{"start":{"line":161,"column":8},"end":{"line":164,"column":null}},"type":"if","locations":[{"start":{"line":161,"column":8},"end":{"line":164,"column":null}},{"start":{},"end":{}}],"line":161}},"s":{"0":5,"1":22,"2":22,"3":0,"4":0,"5":22,"6":22,"7":1,"8":1,"9":21,"10":1,"11":1,"12":20,"13":3,"14":3,"15":17,"16":17,"17":17,"18":17,"19":0,"20":5,"21":5,"22":5,"23":0,"24":0,"25":5,"26":5,"27":5,"28":5,"29":5,"30":5,"31":5,"32":1,"33":1,"34":4,"35":0,"36":0,"37":4,"38":0,"39":0,"40":4,"41":0,"42":0,"43":4,"44":4,"45":0,"46":5,"47":13,"48":13,"49":0,"50":0,"51":13,"52":13,"53":13,"54":0,"55":0,"56":13,"57":2,"58":2,"59":11,"60":6,"61":5,"62":5,"63":1,"64":1,"65":0,"66":0,"67":1,"68":1,"69":0},"f":{"0":22,"1":5,"2":13,"3":1},"b":{"0":[0,22],"1":[22,0],"2":[1,21],"3":[1,20],"4":[21,2],"5":[3,17],"6":[20,19,18],"7":[0,5],"8":[1,4],"9":[5,1],"10":[0,4],"11":[4,1],"12":[0,4],"13":[4,0],"14":[0,4],"15":[4,1],"16":[0,13],"17":[0,13],"18":[2,11],"19":[13,7],"20":[0,1]},"meta":{"lastBranch":21,"lastFunction":4,"lastStatement":70,"seen":{"s:6:45:54:Infinity":0,"f:6:45:6:52":0,"s:8:4:53:Infinity":1,"b:10:8:13:Infinity:undefined:undefined:undefined:undefined":0,"s:10:8:13:Infinity":2,"s:11:12:11:Infinity":3,"s:12:12:12:Infinity":4,"s:15:41:15:Infinity":5,"b:15:41:15:53:15:53:15:Infinity":1,"b:17:8:20:Infinity:undefined:undefined:undefined:undefined":2,"s:17:8:20:Infinity":6,"s:18:12:18:Infinity":7,"s:19:12:19:Infinity":8,"b:22:8:25:Infinity:undefined:undefined:undefined:undefined":3,"s:22:8:25:Infinity":9,"b:22:12:22:32:22:32:22:51":4,"s:23:12:23:Infinity":10,"s:24:12:24:Infinity":11,"b:27:8:36:Infinity:undefined:undefined:undefined:undefined":5,"s:27:8:36:Infinity":12,"b:28:12:28:Infinity:29:12:29:Infinity:30:12:30:Infinity":6,"s:32:12:34:Infinity":13,"s:35:12:35:Infinity":14,"s:38:46:38:Infinity":15,"s:39:23:39:Infinity":16,"s:41:24:46:Infinity":17,"s:48:8:48:Infinity":18,"s:52:8:52:Infinity":19,"s:56:42:115:Infinity":20,"f:56:42:56:49":1,"s:58:4:114:Infinity":21,"b:60:8:63:Infinity:undefined:undefined:undefined:undefined":7,"s:60:8:63:Infinity":22,"s:61:12:61:Infinity":23,"s:62:12:62:Infinity":24,"s:65:23:65:Infinity":25,"s:66:25:66:Infinity":26,"s:69:28:69:Infinity":27,"s:70:22:70:Infinity":28,"s:71:22:71:Infinity":29,"s:72:22:72:Infinity":30,"b:74:8:79:Infinity:undefined:undefined:undefined:undefined":8,"s:74:8:79:Infinity":31,"b:74:12:74:41:74:41:74:74":9,"s:75:12:77:Infinity":32,"s:78:12:78:Infinity":33,"b:81:8:86:Infinity:undefined:undefined:undefined:undefined":10,"s:81:8:86:Infinity":34,"b:81:12:81:35:81:35:81:62":11,"s:82:12:84:Infinity":35,"s:85:12:85:Infinity":36,"b:88:8:93:Infinity:undefined:undefined:undefined:undefined":12,"s:88:8:93:Infinity":37,"b:88:12:88:35:88:35:88:62":13,"s:89:12:91:Infinity":38,"s:92:12:92:Infinity":39,"b:95:8:100:Infinity:undefined:undefined:undefined:undefined":14,"s:95:8:100:Infinity":40,"b:95:12:95:35:95:35:95:62":15,"s:96:12:98:Infinity":41,"s:99:12:99:Infinity":42,"s:102:25:107:Infinity":43,"s:109:8:109:Infinity":44,"s:113:8:113:Infinity":45,"s:117:45:155:Infinity":46,"f:117:45:117:52":2,"s:119:4:154:Infinity":47,"b:121:8:124:Infinity:undefined:undefined:undefined:undefined":16,"s:121:8:124:Infinity":48,"s:122:12:122:Infinity":49,"s:123:12:123:Infinity":50,"s:126:30:126:Infinity":51,"s:127:26:127:Infinity":52,"b:129:8:134:Infinity:undefined:undefined:undefined:undefined":17,"s:129:8:134:Infinity":53,"s:130:12:132:Infinity":54,"s:133:12:133:Infinity":55,"b:136:8:141:Infinity:undefined:undefined:undefined:undefined":18,"s:136:8:141:Infinity":56,"b:136:12:136:36:136:36:136:58":19,"s:137:12:139:Infinity":57,"s:140:12:140:Infinity":58,"s:143:24:147:Infinity":59,"s:149:8:149:Infinity":60,"s:153:8:153:Infinity":61,"s:157:47:174:Infinity":62,"f:157:47:157:54":3,"s:159:4:173:Infinity":63,"b:161:8:164:Infinity:undefined:undefined:undefined:undefined":20,"s:161:8:164:Infinity":64,"s:162:12:162:Infinity":65,"s:163:12:163:Infinity":66,"s:166:21:166:Infinity":67,"s:168:8:168:Infinity":68,"s:172:8:172:Infinity":69},"fnNames":{}}}
,"/home/the-him/Desktop/Access Manager/src/backend/modules/requests/request.routes.ts": {"path":"/home/the-him/Desktop/Access Manager/src/backend/modules/requests/request.routes.ts","statementMap":{"0":{"start":{"line":2,"column":22},"end":{"line":2,"column":null}},"1":{"start":{"line":10,"column":0},"end":{"line":10,"column":null}},"2":{"start":{"line":12,"column":0},"end":{"line":12,"column":null}},"3":{"start":{"line":14,"column":0},"end":{"line":14,"column":null}},"4":{"start":{"line":16,"column":0},"end":{"line":16,"column":null}}},"fnMap":{},"branchMap":{},"s":{"0":5,"1":5,"2":5,"3":5,"4":5},"f":{},"b":{},"meta":{"lastBranch":0,"lastFunction":0,"lastStatement":5,"seen":{"s:2:22:2:Infinity":0,"s:10:0:10:Infinity":1,"s:12:0:12:Infinity":2,"s:14:0:14:Infinity":3,"s:16:0:16:Infinity":4},"fnNames":{}}}
,"/home/the-him/Desktop/Access Manager/src/backend/modules/requests/request.service.ts": {"path":"/home/the-him/Desktop/Access Manager/src/backend/modules/requests/request.service.ts","statementMap":{"0":{"start":{"line":18,"column":28},"end":{"line":29,"column":null}},"1":{"start":{"line":31,"column":2},"end":{"line":36,"column":null}},"2":{"start":{"line":32,"column":4},"end":{"line":35,"column":null}},"3":{"start":{"line":38,"column":20},"end":{"line":46,"column":null}},"4":{"start":{"line":48,"column":2},"end":{"line":52,"column":null}},"5":{"start":{"line":54,"column":2},"end":{"line":54,"column":null}},"6":{"start":{"line":67,"column":21},"end":{"line":67,"column":null}},"7":{"start":{"line":69,"column":2},"end":{"line":72,"column":null}},"8":{"start":{"line":71,"column":4},"end":{"line":71,"column":null}},"9":{"start":{"line":74,"column":2},"end":{"line":76,"column":null}},"10":{"start":{"line":75,"column":4},"end":{"line":75,"column":null}},"11":{"start":{"line":78,"column":2},"end":{"line":80,"column":null}},"12":{"start":{"line":79,"column":4},"end":{"line":79,"column":null}},"13":{"start":{"line":82,"column":2},"end":{"line":84,"column":null}},"14":{"start":{"line":83,"column":4},"end":{"line":83,"column":null}},"15":{"start":{"line":86,"column":2},"end":{"line":88,"column":null}},"16":{"start":{"line":87,"column":4},"end":{"line":87,"column":null}},"17":{"start":{"line":90,"column":24},"end":{"line":90,"column":null}},"18":{"start":{"line":91,"column":25},"end":{"line":91,"column":null}},"19":{"start":{"line":93,"column":2},"end":{"line":118,"column":null}},"20":{"start":{"line":126,"column":29},"end":{"line":139,"column":null}},"21":{"start":{"line":141,"column":4},"end":{"line":146,"column":null}},"22":{"start":{"line":142,"column":8},"end":{"line":145,"column":null}},"23":{"start":{"line":148,"column":4},"end":{"line":148,"column":null}},"24":{"start":{"line":153,"column":17},"end":{"line":153,"column":null}},"25":{"start":{"line":154,"column":4},"end":{"line":154,"column":null}}},"fnMap":{"0":{"name":"createRequest","decl":{"start":{"line":12,"column":22},"end":{"line":12,"column":null}},"loc":{"start":{"line":17,"column":2},"end":{"line":55,"column":null}},"line":17},"1":{"name":"getRequests","decl":{"start":{"line":57,"column":22},"end":{"line":57,"column":null}},"loc":{"start":{"line":66,"column":2},"end":{"line":119,"column":null}},"line":66},"2":{"name":"updateDecision","decl":{"start":{"line":121,"column":22},"end":{"line":121,"column":null}},"loc":{"start":{"line":125,"column":2},"end":{"line":150,"column":null}},"line":125},"3":{"name":"getApplications","decl":{"start":{"line":152,"column":22},"end":{"line":152,"column":39}},"loc":{"start":{"line":152,"column":39},"end":{"line":155,"column":null}},"line":152}},"branchMap":{"0":{"loc":{"start":{"line":31,"column":2},"end":{"line":36,"column":null}},"type":"if","locations":[{"start":{"line":31,"column":2},"end":{"line":36,"column":null}},{"start":{},"end":{}}],"line":31},"1":{"loc":{"start":{"line":69,"column":2},"end":{"line":72,"column":null}},"type":"if","locations":[{"start":{"line":69,"column":2},"end":{"line":72,"column":null}},{"start":{},"end":{}}],"line":69},"2":{"loc":{"start":{"line":74,"column":2},"end":{"line":76,"column":null}},"type":"if","locations":[{"start":{"line":74,"column":2},"end":{"line":76,"column":null}},{"start":{},"end":{}}],"line":74},"3":{"loc":{"start":{"line":78,"column":2},"end":{"line":80,"column":null}},"type":"if","locations":[{"start":{"line":78,"column":2},"end":{"line":80,"column":null}},{"start":{},"end":{}}],"line":78},"4":{"loc":{"start":{"line":82,"column":2},"end":{"line":84,"column":null}},"type":"if","locations":[{"start":{"line":82,"column":2},"end":{"line":84,"column":null}},{"start":{},"end":{}}],"line":82},"5":{"loc":{"start":{"line":86,"column":2},"end":{"line":88,"column":null}},"type":"if","locations":[{"start":{"line":86,"column":2},"end":{"line":88,"column":null}},{"start":{},"end":{}}],"line":86},"6":{"loc":{"start":{"line":141,"column":4},"end":{"line":146,"column":null}},"type":"if","locations":[{"start":{"line":141,"column":4},"end":{"line":146,"column":null}},{"start":{},"end":{}}],"line":141}},"s":{"0":17,"1":17,"2":0,"3":17,"4":17,"5":17,"6":4,"7":4,"8":2,"9":4,"10":2,"11":4,"12":1,"13":4,"14":1,"15":4,"16":0,"17":4,"18":4,"19":4,"20":11,"21":11,"22":5,"23":6,"24":1,"25":1},"f":{"0":17,"1":4,"2":11,"3":1},"b":{"0":[0,17],"1":[2,2],"2":[2,2],"3":[1,3],"4":[1,3],"5":[0,4],"6":[5,6]},"meta":{"lastBranch":7,"lastFunction":4,"lastStatement":26,"seen":{"f:12:22:12:Infinity":0,"s:18:28:29:Infinity":0,"b:31:2:36:Infinity:undefined:undefined:undefined:undefined":0,"s:31:2:36:Infinity":1,"s:32:4:35:Infinity":2,"s:38:20:46:Infinity":3,"s:48:2:52:Infinity":4,"s:54:2:54:Infinity":5,"f:57:22:57:Infinity":1,"s:67:21:67:Infinity":6,"b:69:2:72:Infinity:undefined:undefined:undefined:undefined":1,"s:69:2:72:Infinity":7,"s:71:4:71:Infinity":8,"b:74:2:76:Infinity:undefined:undefined:undefined:undefined":2,"s:74:2:76:Infinity":9,"s:75:4:75:Infinity":10,"b:78:2:80:Infinity:undefined:undefined:undefined:undefined":3,"s:78:2:80:Infinity":11,"s:79:4:79:Infinity":12,"b:82:2:84:Infinity:undefined:undefined:undefined:undefined":4,"s:82:2:84:Infinity":13,"s:83:4:83:Infinity":14,"b:86:2:88:Infinity:undefined:undefined:undefined:undefined":5,"s:86:2:88:Infinity":15,"s:87:4:87:Infinity":16,"s:90:24:90:Infinity":17,"s:91:25:91:Infinity":18,"s:93:2:118:Infinity":19,"f:121:22:121:Infinity":2,"s:126:29:139:Infinity":20,"b:141:4:146:Infinity:undefined:undefined:undefined:undefined":6,"s:141:4:146:Infinity":21,"s:142:8:145:Infinity":22,"s:148:4:148:Infinity":23,"f:152:22:152:39":3,"s:153:17:153:Infinity":24,"s:154:4:154:Infinity":25},"fnNames":{}}}
,"/home/the-him/Desktop/Access Manager/src/backend/utils/logger.ts": {"path":"/home/the-him/Desktop/Access Manager/src/backend/utils/logger.ts","statementMap":{"0":{"start":{"line":4,"column":16},"end":{"line":4,"column":null}},"1":{"start":{"line":5,"column":16},"end":{"line":5,"column":null}},"2":{"start":{"line":7,"column":0},"end":{"line":7,"column":null}},"3":{"start":{"line":16,"column":18},"end":{"line":21,"column":null}},"4":{"start":{"line":23,"column":4},"end":{"line":26,"column":null}},"5":{"start":{"line":29,"column":22},"end":{"line":38,"column":null}},"6":{"start":{"line":31,"column":8},"end":{"line":31,"column":null}},"7":{"start":{"line":34,"column":8},"end":{"line":34,"column":null}},"8":{"start":{"line":37,"column":8},"end":{"line":37,"column":null}}},"fnMap":{"0":{"name":"writeLog","decl":{"start":{"line":15,"column":9},"end":{"line":15,"column":18}},"loc":{"start":{"line":15,"column":70},"end":{"line":27,"column":null}},"line":15},"1":{"name":"(anonymous_1)","decl":{"start":{"line":30,"column":4},"end":{"line":30,"column":11}},"loc":{"start":{"line":31,"column":8},"end":{"line":31,"column":null}},"line":31},"2":{"name":"(anonymous_2)","decl":{"start":{"line":33,"column":4},"end":{"line":33,"column":11}},"loc":{"start":{"line":34,"column":8},"end":{"line":34,"column":null}},"line":34},"3":{"name":"(anonymous_3)","decl":{"start":{"line":36,"column":4},"end":{"line":36,"column":12}},"loc":{"start":{"line":37,"column":8},"end":{"line":37,"column":null}},"line":37}},"branchMap":{"0":{"loc":{"start":{"line":15,"column":50},"end":{"line":15,"column":70}},"type":"default-arg","locations":[{"start":{"line":15,"column":66},"end":{"line":15,"column":70}}],"line":15}},"s":{"0":5,"1":5,"2":5,"3":27,"4":27,"5":5,"6":19,"7":0,"8":8},"f":{"0":27,"1":19,"2":0,"3":8},"b":{"0":[27]},"meta":{"lastBranch":1,"lastFunction":4,"lastStatement":9,"seen":{"s:4:16:4:Infinity":0,"s:5:16:5:Infinity":1,"s:7:0:7:Infinity":2,"f:15:9:15:18":0,"b:15:66:15:70":0,"s:16:18:21:Infinity":3,"s:23:4:26:Infinity":4,"s:29:22:38:Infinity":5,"f:30:4:30:11":1,"s:31:8:31:Infinity":6,"f:33:4:33:11":2,"s:34:8:34:Infinity":7,"f:36:4:36:12":3,"s:37:8:37:Infinity":8},"fnNames":{}}}
,"/home/the-him/Desktop/Access Manager/tests/helpers/auth.ts": {"path":"/home/the-him/Desktop/Access Manager/tests/helpers/auth.ts","statementMap":{"0":{"start":{"line":5,"column":27},"end":{"line":5,"column":null}},"1":{"start":{"line":6,"column":28},"end":{"line":6,"column":null}},"2":{"start":{"line":8,"column":24},"end":{"line":8,"column":null}},"3":{"start":{"line":10,"column":4},"end":{"line":10,"column":null}}},"fnMap":{"0":{"name":"createAccessToken","decl":{"start":{"line":3,"column":16},"end":{"line":3,"column":34}},"loc":{"start":{"line":3,"column":50},"end":{"line":11,"column":null}},"line":3}},"branchMap":{},"s":{"0":42,"1":42,"2":42,"3":42},"f":{"0":42},"b":{},"meta":{"lastBranch":0,"lastFunction":1,"lastStatement":4,"seen":{"f:3:16:3:34":0,"s:5:27:5:Infinity":0,"s:6:28:6:Infinity":1,"s:8:24:8:Infinity":2,"s:10:4:10:Infinity":3},"fnNames":{}}}
,"/home/the-him/Desktop/Access Manager/tests/helpers/db.ts": {"path":"/home/the-him/Desktop/Access Manager/tests/helpers/db.ts","statementMap":{"0":{"start":{"line":10,"column":22},"end":{"line":17,"column":null}},"1":{"start":{"line":19,"column":21},"end":{"line":26,"column":null}},"2":{"start":{"line":28,"column":24},"end":{"line":34,"column":null}},"3":{"start":{"line":36,"column":2},"end":{"line":40,"column":null}},"4":{"start":{"line":44,"column":2},"end":{"line":44,"column":null}},"5":{"start":{"line":45,"column":2},"end":{"line":45,"column":null}},"6":{"start":{"line":46,"column":2},"end":{"line":46,"column":null}},"7":{"start":{"line":47,"column":2},"end":{"line":47,"column":null}}},"fnMap":{"0":{"name":"createTestData","decl":{"start":{"line":9,"column":22},"end":{"line":9,"column":39}},"loc":{"start":{"line":9,"column":39},"end":{"line":41,"column":null}},"line":9},"1":{"name":"resetDatabase","decl":{"start":{"line":43,"column":22},"end":{"line":43,"column":38}},"loc":{"start":{"line":43,"column":38},"end":{"line":48,"column":null}},"line":43}},"branchMap":{},"s":{"0":38,"1":38,"2":38,"3":38,"4":38,"5":38,"6":38,"7":38},"f":{"0":38,"1":38},"b":{},"meta":{"lastBranch":0,"lastFunction":2,"lastStatement":8,"seen":{"f:9:22:9:39":0,"s:10:22:17:Infinity":0,"s:19:21:26:Infinity":1,"s:28:24:34:Infinity":2,"s:36:2:40:Infinity":3,"f:43:22:43:38":1,"s:44:2:44:Infinity":4,"s:45:2:45:Infinity":5,"s:46:2:46:Infinity":6,"s:47:2:47:Infinity":7},"fnNames":{}}}
}
